  ticket.cpp
E:\C\C语言作业2020上\week05\5.2火车售票系统\火车售票系统1.0\火车售票系统1.0\ticket.cpp(38,40): error C2660: “fopen_s”: 函数不接受 2 个参数
C:\Program Files (x86)\Windows Kits\10\Include\10.0.18362.0\ucrt\stdio.h(97,34): message : 参见“fopen_s”的声明
E:\C\C语言作业2020上\week05\5.2火车售票系统\火车售票系统1.0\火车售票系统1.0\ticket.cpp(40,37): error C2660: “fopen_s”: 函数不接受 2 个参数
C:\Program Files (x86)\Windows Kits\10\Include\10.0.18362.0\ucrt\stdio.h(97,34): message : 参见“fopen_s”的声明
E:\C\C语言作业2020上\week05\5.2火车售票系统\火车售票系统1.0\火车售票系统1.0\ticket.cpp(75,40): error C2660: “fopen_s”: 函数不接受 2 个参数
C:\Program Files (x86)\Windows Kits\10\Include\10.0.18362.0\ucrt\stdio.h(97,34): message : 参见“fopen_s”的声明
E:\C\C语言作业2020上\week05\5.2火车售票系统\火车售票系统1.0\火车售票系统1.0\ticket.cpp(77,37): error C2660: “fopen_s”: 函数不接受 2 个参数
C:\Program Files (x86)\Windows Kits\10\Include\10.0.18362.0\ucrt\stdio.h(97,34): message : 参见“fopen_s”的声明
E:\C\C语言作业2020上\week05\5.2火车售票系统\火车售票系统1.0\火车售票系统1.0\ticket.cpp(111,13): warning C4473: “scanf_s”: 没有为格式字符串传递足够的参数
E:\C\C语言作业2020上\week05\5.2火车售票系统\火车售票系统1.0\火车售票系统1.0\ticket.cpp(111,13): message : 占位符和其参数预计 2 可变参数，但提供的却是 1 参数
E:\C\C语言作业2020上\week05\5.2火车售票系统\火车售票系统1.0\火车售票系统1.0\ticket.cpp(111,13): message : 缺失的可变参数 2 为格式字符串“%s”所需
E:\C\C语言作业2020上\week05\5.2火车售票系统\火车售票系统1.0\火车售票系统1.0\ticket.cpp(111,13): message : 此参数用作缓冲区大小
E:\C\C语言作业2020上\week05\5.2火车售票系统\火车售票系统1.0\火车售票系统1.0\ticket.cpp(113,13): warning C4473: “scanf_s”: 没有为格式字符串传递足够的参数
E:\C\C语言作业2020上\week05\5.2火车售票系统\火车售票系统1.0\火车售票系统1.0\ticket.cpp(113,13): message : 占位符和其参数预计 2 可变参数，但提供的却是 1 参数
E:\C\C语言作业2020上\week05\5.2火车售票系统\火车售票系统1.0\火车售票系统1.0\ticket.cpp(113,13): message : 缺失的可变参数 2 为格式字符串“%s”所需
E:\C\C语言作业2020上\week05\5.2火车售票系统\火车售票系统1.0\火车售票系统1.0\ticket.cpp(113,13): message : 此参数用作缓冲区大小
E:\C\C语言作业2020上\week05\5.2火车售票系统\火车售票系统1.0\火车售票系统1.0\ticket.cpp(115,13): warning C4473: “scanf_s”: 没有为格式字符串传递足够的参数
E:\C\C语言作业2020上\week05\5.2火车售票系统\火车售票系统1.0\火车售票系统1.0\ticket.cpp(115,13): message : 占位符和其参数预计 2 可变参数，但提供的却是 1 参数
E:\C\C语言作业2020上\week05\5.2火车售票系统\火车售票系统1.0\火车售票系统1.0\ticket.cpp(115,13): message : 缺失的可变参数 2 为格式字符串“%s”所需
E:\C\C语言作业2020上\week05\5.2火车售票系统\火车售票系统1.0\火车售票系统1.0\ticket.cpp(115,13): message : 此参数用作缓冲区大小
E:\C\C语言作业2020上\week05\5.2火车售票系统\火车售票系统1.0\火车售票系统1.0\ticket.cpp(117,13): warning C4473: “scanf_s”: 没有为格式字符串传递足够的参数
E:\C\C语言作业2020上\week05\5.2火车售票系统\火车售票系统1.0\火车售票系统1.0\ticket.cpp(117,13): message : 占位符和其参数预计 2 可变参数，但提供的却是 1 参数
E:\C\C语言作业2020上\week05\5.2火车售票系统\火车售票系统1.0\火车售票系统1.0\ticket.cpp(117,13): message : 缺失的可变参数 2 为格式字符串“%s”所需
E:\C\C语言作业2020上\week05\5.2火车售票系统\火车售票系统1.0\火车售票系统1.0\ticket.cpp(117,13): message : 此参数用作缓冲区大小
E:\C\C语言作业2020上\week05\5.2火车售票系统\火车售票系统1.0\火车售票系统1.0\ticket.cpp(119,13): warning C4473: “scanf_s”: 没有为格式字符串传递足够的参数
E:\C\C语言作业2020上\week05\5.2火车售票系统\火车售票系统1.0\火车售票系统1.0\ticket.cpp(119,13): message : 占位符和其参数预计 2 可变参数，但提供的却是 1 参数
E:\C\C语言作业2020上\week05\5.2火车售票系统\火车售票系统1.0\火车售票系统1.0\ticket.cpp(119,13): message : 缺失的可变参数 2 为格式字符串“%s”所需
E:\C\C语言作业2020上\week05\5.2火车售票系统\火车售票系统1.0\火车售票系统1.0\ticket.cpp(119,13): message : 此参数用作缓冲区大小
E:\C\C语言作业2020上\week05\5.2火车售票系统\火车售票系统1.0\火车售票系统1.0\ticket.cpp(145,13): warning C4473: “scanf_s”: 没有为格式字符串传递足够的参数
E:\C\C语言作业2020上\week05\5.2火车售票系统\火车售票系统1.0\火车售票系统1.0\ticket.cpp(145,13): message : 占位符和其参数预计 2 可变参数，但提供的却是 1 参数
E:\C\C语言作业2020上\week05\5.2火车售票系统\火车售票系统1.0\火车售票系统1.0\ticket.cpp(145,13): message : 缺失的可变参数 2 为格式字符串“%s”所需
E:\C\C语言作业2020上\week05\5.2火车售票系统\火车售票系统1.0\火车售票系统1.0\ticket.cpp(145,13): message : 此参数用作缓冲区大小
E:\C\C语言作业2020上\week05\5.2火车售票系统\火车售票系统1.0\火车售票系统1.0\ticket.cpp(156,21): warning C4473: “scanf_s”: 没有为格式字符串传递足够的参数
E:\C\C语言作业2020上\week05\5.2火车售票系统\火车售票系统1.0\火车售票系统1.0\ticket.cpp(156,21): message : 占位符和其参数预计 2 可变参数，但提供的却是 1 参数
E:\C\C语言作业2020上\week05\5.2火车售票系统\火车售票系统1.0\火车售票系统1.0\ticket.cpp(156,21): message : 缺失的可变参数 2 为格式字符串“%s”所需
E:\C\C语言作业2020上\week05\5.2火车售票系统\火车售票系统1.0\火车售票系统1.0\ticket.cpp(156,21): message : 此参数用作缓冲区大小
E:\C\C语言作业2020上\week05\5.2火车售票系统\火车售票系统1.0\火车售票系统1.0\ticket.cpp(158,21): warning C4473: “scanf_s”: 没有为格式字符串传递足够的参数
E:\C\C语言作业2020上\week05\5.2火车售票系统\火车售票系统1.0\火车售票系统1.0\ticket.cpp(158,21): message : 占位符和其参数预计 2 可变参数，但提供的却是 1 参数
E:\C\C语言作业2020上\week05\5.2火车售票系统\火车售票系统1.0\火车售票系统1.0\ticket.cpp(158,21): message : 缺失的可变参数 2 为格式字符串“%s”所需
E:\C\C语言作业2020上\week05\5.2火车售票系统\火车售票系统1.0\火车售票系统1.0\ticket.cpp(158,21): message : 此参数用作缓冲区大小
E:\C\C语言作业2020上\week05\5.2火车售票系统\火车售票系统1.0\火车售票系统1.0\ticket.cpp(160,21): warning C4473: “scanf_s”: 没有为格式字符串传递足够的参数
E:\C\C语言作业2020上\week05\5.2火车售票系统\火车售票系统1.0\火车售票系统1.0\ticket.cpp(160,21): message : 占位符和其参数预计 2 可变参数，但提供的却是 1 参数
E:\C\C语言作业2020上\week05\5.2火车售票系统\火车售票系统1.0\火车售票系统1.0\ticket.cpp(160,21): message : 缺失的可变参数 2 为格式字符串“%s”所需
E:\C\C语言作业2020上\week05\5.2火车售票系统\火车售票系统1.0\火车售票系统1.0\ticket.cpp(160,21): message : 此参数用作缓冲区大小
E:\C\C语言作业2020上\week05\5.2火车售票系统\火车售票系统1.0\火车售票系统1.0\ticket.cpp(162,21): warning C4473: “scanf_s”: 没有为格式字符串传递足够的参数
E:\C\C语言作业2020上\week05\5.2火车售票系统\火车售票系统1.0\火车售票系统1.0\ticket.cpp(162,21): message : 占位符和其参数预计 2 可变参数，但提供的却是 1 参数
E:\C\C语言作业2020上\week05\5.2火车售票系统\火车售票系统1.0\火车售票系统1.0\ticket.cpp(162,21): message : 缺失的可变参数 2 为格式字符串“%s”所需
E:\C\C语言作业2020上\week05\5.2火车售票系统\火车售票系统1.0\火车售票系统1.0\ticket.cpp(162,21): message : 此参数用作缓冲区大小
E:\C\C语言作业2020上\week05\5.2火车售票系统\火车售票系统1.0\火车售票系统1.0\ticket.cpp(164,21): warning C4473: “scanf_s”: 没有为格式字符串传递足够的参数
E:\C\C语言作业2020上\week05\5.2火车售票系统\火车售票系统1.0\火车售票系统1.0\ticket.cpp(164,21): message : 占位符和其参数预计 2 可变参数，但提供的却是 1 参数
E:\C\C语言作业2020上\week05\5.2火车售票系统\火车售票系统1.0\火车售票系统1.0\ticket.cpp(164,21): message : 缺失的可变参数 2 为格式字符串“%s”所需
E:\C\C语言作业2020上\week05\5.2火车售票系统\火车售票系统1.0\火车售票系统1.0\ticket.cpp(164,21): message : 此参数用作缓冲区大小
E:\C\C语言作业2020上\week05\5.2火车售票系统\火车售票系统1.0\火车售票系统1.0\ticket.cpp(200,13): warning C4473: “scanf_s”: 没有为格式字符串传递足够的参数
E:\C\C语言作业2020上\week05\5.2火车售票系统\火车售票系统1.0\火车售票系统1.0\ticket.cpp(200,13): message : 占位符和其参数预计 2 可变参数，但提供的却是 1 参数
E:\C\C语言作业2020上\week05\5.2火车售票系统\火车售票系统1.0\火车售票系统1.0\ticket.cpp(200,13): message : 缺失的可变参数 2 为格式字符串“%s”所需
E:\C\C语言作业2020上\week05\5.2火车售票系统\火车售票系统1.0\火车售票系统1.0\ticket.cpp(200,13): message : 此参数用作缓冲区大小
